INFO [2023-04-27 11:37:26] $x
INFO [2023-04-27 11:37:26] edgelists
INFO [2023-04-27 11:37:26] 
INFO [2023-04-27 11:37:26] $category.names
INFO [2023-04-27 11:37:26] c("Integrated Interaction Databse", "Reactome", "Virtual Metabolic Human")
INFO [2023-04-27 11:37:26] 
INFO [2023-04-27 11:37:26] $filename
INFO [2023-04-27 11:37:26] [1] "Plots/venn_Network_overlaps.png"
INFO [2023-04-27 11:37:26] 
INFO [2023-04-27 11:37:26] $output
INFO [2023-04-27 11:37:26] [1] TRUE
INFO [2023-04-27 11:37:26] 
INFO [2023-04-27 11:37:26] $imagetype
INFO [2023-04-27 11:37:26] [1] "png"
INFO [2023-04-27 11:37:26] 
INFO [2023-04-27 11:37:26] $height
INFO [2023-04-27 11:37:26] [1] 480
INFO [2023-04-27 11:37:26] 
INFO [2023-04-27 11:37:26] $width
INFO [2023-04-27 11:37:26] [1] 480
INFO [2023-04-27 11:37:26] 
INFO [2023-04-27 11:37:26] $resolution
INFO [2023-04-27 11:37:26] [1] 300
INFO [2023-04-27 11:37:26] 
INFO [2023-04-27 11:37:26] $compression
INFO [2023-04-27 11:37:26] [1] "lzw"
INFO [2023-04-27 11:37:26] 
INFO [2023-04-27 11:37:26] $lwd
INFO [2023-04-27 11:37:26] [1] 1
INFO [2023-04-27 11:37:26] 
INFO [2023-04-27 11:37:26] $col
INFO [2023-04-27 11:37:26] c("#440154ff", "#21908dff", "#fde725ff")
INFO [2023-04-27 11:37:26] 
INFO [2023-04-27 11:37:26] $fill
INFO [2023-04-27 11:37:26] c(alpha("#440154ff", 0.3), alpha("#21908dff", 0.3), alpha("#fde725ff", 
INFO [2023-04-27 11:37:26]     0.3))
INFO [2023-04-27 11:37:26] 
INFO [2023-04-27 11:37:26] $cex
INFO [2023-04-27 11:37:26] [1] 0.5
INFO [2023-04-27 11:37:26] 
INFO [2023-04-27 11:37:26] $fontfamily
INFO [2023-04-27 11:37:26] [1] "sans"
INFO [2023-04-27 11:37:26] 
INFO [2023-04-27 11:37:26] $cat.cex
INFO [2023-04-27 11:37:26] [1] 0.3
INFO [2023-04-27 11:37:26] 
INFO [2023-04-27 11:37:26] $cat.default.pos
INFO [2023-04-27 11:37:26] [1] "outer"
INFO [2023-04-27 11:37:26] 
INFO [2023-04-27 11:37:26] $cat.pos
INFO [2023-04-27 11:37:26] c(-27, 27, 135)
INFO [2023-04-27 11:37:26] 
INFO [2023-04-27 11:37:26] $cat.dist
INFO [2023-04-27 11:37:26] c(0.055, 0.055, 0.085)
INFO [2023-04-27 11:37:26] 
INFO [2023-04-27 11:37:26] $cat.fontfamily
INFO [2023-04-27 11:37:26] [1] "sans"
INFO [2023-04-27 11:37:26] 
INFO [2023-04-27 11:37:26] $cat.col
INFO [2023-04-27 11:37:26] c("#440154ff", "#21908dff", "#fde725ff")
INFO [2023-04-27 11:37:26] 
INFO [2023-04-27 11:37:26] $rotation
INFO [2023-04-27 11:37:26] [1] 2
INFO [2023-04-27 11:37:26] 
