INFO [2023-04-27 11:37:33] $x
INFO [2023-04-27 11:37:33] edgelists
INFO [2023-04-27 11:37:33] 
INFO [2023-04-27 11:37:33] $category.names
INFO [2023-04-27 11:37:33] c("Integrated Interaction Databse", "Reactome", "Virtual Metabolic Human")
INFO [2023-04-27 11:37:33] 
INFO [2023-04-27 11:37:33] $filename
INFO [2023-04-27 11:37:33] [1] "Plots/venn_Network_overlaps.png"
INFO [2023-04-27 11:37:33] 
INFO [2023-04-27 11:37:33] $output
INFO [2023-04-27 11:37:33] [1] TRUE
INFO [2023-04-27 11:37:33] 
INFO [2023-04-27 11:37:33] $imagetype
INFO [2023-04-27 11:37:33] [1] "png"
INFO [2023-04-27 11:37:33] 
INFO [2023-04-27 11:37:33] $height
INFO [2023-04-27 11:37:33] [1] 480
INFO [2023-04-27 11:37:33] 
INFO [2023-04-27 11:37:33] $width
INFO [2023-04-27 11:37:33] [1] 480
INFO [2023-04-27 11:37:33] 
INFO [2023-04-27 11:37:33] $resolution
INFO [2023-04-27 11:37:33] [1] 300
INFO [2023-04-27 11:37:33] 
INFO [2023-04-27 11:37:33] $compression
INFO [2023-04-27 11:37:33] [1] "lzw"
INFO [2023-04-27 11:37:33] 
INFO [2023-04-27 11:37:33] $lwd
INFO [2023-04-27 11:37:33] [1] 1
INFO [2023-04-27 11:37:33] 
INFO [2023-04-27 11:37:33] $col
INFO [2023-04-27 11:37:33] c("#440154ff", "#21908dff", "#fde725ff")
INFO [2023-04-27 11:37:33] 
INFO [2023-04-27 11:37:33] $fill
INFO [2023-04-27 11:37:33] c(alpha("#440154ff", 0.3), alpha("#21908dff", 0.3), alpha("#fde725ff", 
INFO [2023-04-27 11:37:33]     0.3))
INFO [2023-04-27 11:37:33] 
INFO [2023-04-27 11:37:33] $cex
INFO [2023-04-27 11:37:33] [1] 0.5
INFO [2023-04-27 11:37:33] 
INFO [2023-04-27 11:37:33] $fontfamily
INFO [2023-04-27 11:37:33] [1] "sans"
INFO [2023-04-27 11:37:33] 
INFO [2023-04-27 11:37:33] $cat.cex
INFO [2023-04-27 11:37:33] [1] 0.3
INFO [2023-04-27 11:37:33] 
INFO [2023-04-27 11:37:33] $cat.default.pos
INFO [2023-04-27 11:37:33] [1] "outer"
INFO [2023-04-27 11:37:33] 
INFO [2023-04-27 11:37:33] $cat.pos
INFO [2023-04-27 11:37:33] c(-27, 27, 135)
INFO [2023-04-27 11:37:33] 
INFO [2023-04-27 11:37:33] $cat.dist
INFO [2023-04-27 11:37:33] c(0.055, 0.055, 0.085)
INFO [2023-04-27 11:37:33] 
INFO [2023-04-27 11:37:33] $cat.fontfamily
INFO [2023-04-27 11:37:33] [1] "sans"
INFO [2023-04-27 11:37:33] 
INFO [2023-04-27 11:37:33] $cat.col
INFO [2023-04-27 11:37:33] c("#440154ff", "#21908dff", "#fde725ff")
INFO [2023-04-27 11:37:33] 
INFO [2023-04-27 11:37:33] $rotation
INFO [2023-04-27 11:37:33] [1] 3
INFO [2023-04-27 11:37:33] 
ERROR [2023-04-27 11:42:09] Impossible: a1 <- area1 - n12 - n13 + n123 produces negative area
