INFO [2023-04-27 11:33:25] $x
INFO [2023-04-27 11:33:25] edgelists
INFO [2023-04-27 11:33:25] 
INFO [2023-04-27 11:33:25] $category.names
INFO [2023-04-27 11:33:25] c("Integrated Interaction Databse", "Reactome", "Virtual Metabolic Human")
INFO [2023-04-27 11:33:25] 
INFO [2023-04-27 11:33:25] $filename
INFO [2023-04-27 11:33:25] [1] "Plots/venn_Network_overlaps.png"
INFO [2023-04-27 11:33:25] 
INFO [2023-04-27 11:33:25] $output
INFO [2023-04-27 11:33:25] [1] TRUE
INFO [2023-04-27 11:33:25] 
INFO [2023-04-27 11:33:25] $imagetype
INFO [2023-04-27 11:33:25] [1] "png"
INFO [2023-04-27 11:33:25] 
INFO [2023-04-27 11:33:25] $height
INFO [2023-04-27 11:33:25] [1] 480
INFO [2023-04-27 11:33:25] 
INFO [2023-04-27 11:33:25] $width
INFO [2023-04-27 11:33:25] [1] 480
INFO [2023-04-27 11:33:25] 
INFO [2023-04-27 11:33:25] $resolution
INFO [2023-04-27 11:33:25] [1] 300
INFO [2023-04-27 11:33:25] 
INFO [2023-04-27 11:33:25] $compression
INFO [2023-04-27 11:33:25] [1] "lzw"
INFO [2023-04-27 11:33:25] 
INFO [2023-04-27 11:33:25] $lwd
INFO [2023-04-27 11:33:25] [1] 1
INFO [2023-04-27 11:33:25] 
INFO [2023-04-27 11:33:25] $col
INFO [2023-04-27 11:33:25] c("#440154ff", "#21908dff", "#fde725ff")
INFO [2023-04-27 11:33:25] 
INFO [2023-04-27 11:33:25] $fill
INFO [2023-04-27 11:33:25] c(alpha("#440154ff", 0.3), alpha("#21908dff", 0.3), alpha("#fde725ff", 
INFO [2023-04-27 11:33:25]     0.3))
INFO [2023-04-27 11:33:25] 
INFO [2023-04-27 11:33:25] $cex
INFO [2023-04-27 11:33:25] [1] 0.5
INFO [2023-04-27 11:33:25] 
INFO [2023-04-27 11:33:25] $fontfamily
INFO [2023-04-27 11:33:25] [1] "sans"
INFO [2023-04-27 11:33:25] 
INFO [2023-04-27 11:33:25] $cat.cex
INFO [2023-04-27 11:33:25] [1] 0.3
INFO [2023-04-27 11:33:25] 
INFO [2023-04-27 11:33:25] $cat.default.pos
INFO [2023-04-27 11:33:25] [1] "outer"
INFO [2023-04-27 11:33:25] 
INFO [2023-04-27 11:33:25] $cat.pos
INFO [2023-04-27 11:33:25] c(-27, 27, 135)
INFO [2023-04-27 11:33:25] 
INFO [2023-04-27 11:33:25] $cat.dist
INFO [2023-04-27 11:33:25] c(0.055, 0.055, 0.085)
INFO [2023-04-27 11:33:25] 
INFO [2023-04-27 11:33:25] $cat.fontfamily
INFO [2023-04-27 11:33:25] [1] "sans"
INFO [2023-04-27 11:33:25] 
INFO [2023-04-27 11:33:25] $cat.col
INFO [2023-04-27 11:33:25] c("#440154ff", "#21908dff", "#fde725ff")
INFO [2023-04-27 11:33:25] 
INFO [2023-04-27 11:33:25] $rotation
INFO [2023-04-27 11:33:25] [1] 1
INFO [2023-04-27 11:33:25] 
