INFO [2023-04-27 11:32:40] $x
INFO [2023-04-27 11:32:40] edgelists
INFO [2023-04-27 11:32:40] 
INFO [2023-04-27 11:32:40] $category.names
INFO [2023-04-27 11:32:40] c("Integrated Interaction Databse", "Reactome", "Virtual Metabolic Human")
INFO [2023-04-27 11:32:40] 
INFO [2023-04-27 11:32:40] $filename
INFO [2023-04-27 11:32:40] [1] "Plots/venn_Network_overlaps.png"
INFO [2023-04-27 11:32:40] 
INFO [2023-04-27 11:32:40] $output
INFO [2023-04-27 11:32:40] [1] TRUE
INFO [2023-04-27 11:32:40] 
INFO [2023-04-27 11:32:40] $imagetype
INFO [2023-04-27 11:32:40] [1] "png"
INFO [2023-04-27 11:32:40] 
INFO [2023-04-27 11:32:40] $height
INFO [2023-04-27 11:32:40] [1] 1920
INFO [2023-04-27 11:32:40] 
INFO [2023-04-27 11:32:40] $width
INFO [2023-04-27 11:32:40] [1] 1080
INFO [2023-04-27 11:32:40] 
INFO [2023-04-27 11:32:40] $resolution
INFO [2023-04-27 11:32:40] [1] 300
INFO [2023-04-27 11:32:40] 
INFO [2023-04-27 11:32:40] $compression
INFO [2023-04-27 11:32:40] [1] "lzw"
INFO [2023-04-27 11:32:40] 
INFO [2023-04-27 11:32:40] $lwd
INFO [2023-04-27 11:32:40] [1] 1
INFO [2023-04-27 11:32:40] 
INFO [2023-04-27 11:32:40] $col
INFO [2023-04-27 11:32:40] c("#440154ff", "#21908dff", "#fde725ff")
INFO [2023-04-27 11:32:40] 
INFO [2023-04-27 11:32:40] $fill
INFO [2023-04-27 11:32:40] c(alpha("#440154ff", 0.3), alpha("#21908dff", 0.3), alpha("#fde725ff", 
INFO [2023-04-27 11:32:40]     0.3))
INFO [2023-04-27 11:32:40] 
INFO [2023-04-27 11:32:40] $cex
INFO [2023-04-27 11:32:40] [1] 0.5
INFO [2023-04-27 11:32:40] 
INFO [2023-04-27 11:32:40] $fontfamily
INFO [2023-04-27 11:32:40] [1] "sans"
INFO [2023-04-27 11:32:40] 
INFO [2023-04-27 11:32:40] $cat.cex
INFO [2023-04-27 11:32:40] [1] 0.3
INFO [2023-04-27 11:32:40] 
INFO [2023-04-27 11:32:40] $cat.default.pos
INFO [2023-04-27 11:32:40] [1] "outer"
INFO [2023-04-27 11:32:40] 
INFO [2023-04-27 11:32:40] $cat.pos
INFO [2023-04-27 11:32:40] c(-27, 27, 135)
INFO [2023-04-27 11:32:40] 
INFO [2023-04-27 11:32:40] $cat.dist
INFO [2023-04-27 11:32:40] c(0.055, 0.055, 0.085)
INFO [2023-04-27 11:32:40] 
INFO [2023-04-27 11:32:40] $cat.fontfamily
INFO [2023-04-27 11:32:40] [1] "sans"
INFO [2023-04-27 11:32:40] 
INFO [2023-04-27 11:32:40] $cat.col
INFO [2023-04-27 11:32:40] c("#440154ff", "#21908dff", "#fde725ff")
INFO [2023-04-27 11:32:40] 
INFO [2023-04-27 11:32:40] $rotation
INFO [2023-04-27 11:32:40] [1] 1
INFO [2023-04-27 11:32:40] 
