INFO [2023-04-27 10:47:30] $x
INFO [2023-04-27 10:47:30] edgelists
INFO [2023-04-27 10:47:30] 
INFO [2023-04-27 10:47:30] $category.names
INFO [2023-04-27 10:47:30] c("Integrated Interaction Databse", "Reactome", "Virtual Metabolic Human")
INFO [2023-04-27 10:47:30] 
INFO [2023-04-27 10:47:30] $filename
INFO [2023-04-27 10:47:30] [1] "Plots/venn.png"
INFO [2023-04-27 10:47:30] 
INFO [2023-04-27 10:47:30] $output
INFO [2023-04-27 10:47:30] [1] TRUE
INFO [2023-04-27 10:47:30] 
INFO [2023-04-27 10:47:30] $imagetype
INFO [2023-04-27 10:47:30] [1] "png"
INFO [2023-04-27 10:47:30] 
INFO [2023-04-27 10:47:30] $height
INFO [2023-04-27 10:47:30] [1] 1920
INFO [2023-04-27 10:47:30] 
INFO [2023-04-27 10:47:30] $width
INFO [2023-04-27 10:47:30] [1] 1080
INFO [2023-04-27 10:47:30] 
INFO [2023-04-27 10:47:30] $resolution
INFO [2023-04-27 10:47:30] [1] 300
INFO [2023-04-27 10:47:30] 
INFO [2023-04-27 10:47:30] $compression
INFO [2023-04-27 10:47:30] [1] "lzw"
INFO [2023-04-27 10:47:30] 
INFO [2023-04-27 10:47:30] $lwd
INFO [2023-04-27 10:47:30] [1] 1
INFO [2023-04-27 10:47:30] 
INFO [2023-04-27 10:47:30] $col
INFO [2023-04-27 10:47:30] c("#440154ff", "#21908dff", "#fde725ff")
INFO [2023-04-27 10:47:30] 
INFO [2023-04-27 10:47:30] $fill
INFO [2023-04-27 10:47:30] c(alpha("#440154ff", 0.3), alpha("#21908dff", 0.3), alpha("#fde725ff", 
INFO [2023-04-27 10:47:30]     0.3))
INFO [2023-04-27 10:47:30] 
INFO [2023-04-27 10:47:30] $cex
INFO [2023-04-27 10:47:30] [1] 0.5
INFO [2023-04-27 10:47:30] 
INFO [2023-04-27 10:47:30] $fontfamily
INFO [2023-04-27 10:47:30] [1] "sans"
INFO [2023-04-27 10:47:30] 
INFO [2023-04-27 10:47:30] $cat.cex
INFO [2023-04-27 10:47:30] [1] 0.3
INFO [2023-04-27 10:47:30] 
INFO [2023-04-27 10:47:30] $cat.default.pos
INFO [2023-04-27 10:47:30] [1] "outer"
INFO [2023-04-27 10:47:30] 
INFO [2023-04-27 10:47:30] $cat.pos
INFO [2023-04-27 10:47:30] c(-27, 27, 135)
INFO [2023-04-27 10:47:30] 
INFO [2023-04-27 10:47:30] $cat.dist
INFO [2023-04-27 10:47:30] c(0.055, 0.055, 0.085)
INFO [2023-04-27 10:47:30] 
INFO [2023-04-27 10:47:30] $cat.fontfamily
INFO [2023-04-27 10:47:30] [1] "sans"
INFO [2023-04-27 10:47:30] 
INFO [2023-04-27 10:47:30] $cat.col
INFO [2023-04-27 10:47:30] c("#440154ff", "#21908dff", "#fde725ff")
INFO [2023-04-27 10:47:30] 
INFO [2023-04-27 10:47:30] $rotation
INFO [2023-04-27 10:47:30] [1] 1
INFO [2023-04-27 10:47:30] 
