INFO [2023-04-27 11:34:21] $x
INFO [2023-04-27 11:34:21] edgelists
INFO [2023-04-27 11:34:21] 
INFO [2023-04-27 11:34:21] $category.names
INFO [2023-04-27 11:34:21] c("Integrated Interaction Databse", "Reactome", "Virtual Metabolic Human")
INFO [2023-04-27 11:34:21] 
INFO [2023-04-27 11:34:21] $filename
INFO [2023-04-27 11:34:21] [1] "Plots/venn_Network_overlaps.png"
INFO [2023-04-27 11:34:21] 
INFO [2023-04-27 11:34:21] $output
INFO [2023-04-27 11:34:21] [1] TRUE
INFO [2023-04-27 11:34:21] 
INFO [2023-04-27 11:34:21] $imagetype
INFO [2023-04-27 11:34:21] [1] "png"
INFO [2023-04-27 11:34:21] 
INFO [2023-04-27 11:34:21] $height
INFO [2023-04-27 11:34:21] [1] 480
INFO [2023-04-27 11:34:21] 
INFO [2023-04-27 11:34:21] $width
INFO [2023-04-27 11:34:21] [1] 480
INFO [2023-04-27 11:34:21] 
INFO [2023-04-27 11:34:21] $resolution
INFO [2023-04-27 11:34:21] [1] 300
INFO [2023-04-27 11:34:21] 
INFO [2023-04-27 11:34:21] $compression
INFO [2023-04-27 11:34:21] [1] "lzw"
INFO [2023-04-27 11:34:21] 
INFO [2023-04-27 11:34:21] $lwd
INFO [2023-04-27 11:34:21] [1] 1
INFO [2023-04-27 11:34:21] 
INFO [2023-04-27 11:34:21] $col
INFO [2023-04-27 11:34:21] c("#440154ff", "#21908dff", "#fde725ff")
INFO [2023-04-27 11:34:21] 
INFO [2023-04-27 11:34:21] $fill
INFO [2023-04-27 11:34:21] c(alpha("#440154ff", 0.3), alpha("#21908dff", 0.3), alpha("#fde725ff", 
INFO [2023-04-27 11:34:21]     0.3))
INFO [2023-04-27 11:34:21] 
INFO [2023-04-27 11:34:21] $cex
INFO [2023-04-27 11:34:21] [1] 0.5
INFO [2023-04-27 11:34:21] 
INFO [2023-04-27 11:34:21] $fontfamily
INFO [2023-04-27 11:34:21] [1] "sans"
INFO [2023-04-27 11:34:21] 
INFO [2023-04-27 11:34:21] $cat.cex
INFO [2023-04-27 11:34:21] [1] 0.3
INFO [2023-04-27 11:34:21] 
INFO [2023-04-27 11:34:21] $cat.default.pos
INFO [2023-04-27 11:34:21] [1] "outer"
INFO [2023-04-27 11:34:21] 
INFO [2023-04-27 11:34:21] $cat.fontfamily
INFO [2023-04-27 11:34:21] [1] "sans"
INFO [2023-04-27 11:34:21] 
INFO [2023-04-27 11:34:21] $cat.col
INFO [2023-04-27 11:34:21] c("#440154ff", "#21908dff", "#fde725ff")
INFO [2023-04-27 11:34:21] 
INFO [2023-04-27 11:34:21] $rotation
INFO [2023-04-27 11:34:21] [1] 1
INFO [2023-04-27 11:34:21] 
